<?xml version="1.0" encoding="UTF-8"?>
<!-- Generated by org.testng.reporters.JUnitXMLReporter -->
<testsuite hostname="LAPTOP-QTUBLDDM" ignored="0" name="Different testng Feature Test" tests="17" failures="0" timestamp="06 Dec 2017 06:33:13 GMT" time="12.549" errors="0">
  <testcase name="test1" time="0.003" classname="TryTestNG.test.ExceptionTimeOutTest"/>
  <testcase name="googleLogoTest" time="0.045" classname="TryTestNG.test.GoogleTitleTest"/>
  <testcase name="googleTitleTest" time="0.008" classname="TryTestNG.test.GoogleTitleTest"/>
  <testcase name="sum" time="0.008" classname="TryTestNG.test.InvocationCountTest"/>
  <testcase name="sum" time="0.013" classname="TryTestNG.test.InvocationCountTest"/>
  <testcase name="sum" time="0.004" classname="TryTestNG.test.InvocationCountTest"/>
  <testcase name="sum" time="0.001" classname="TryTestNG.test.InvocationCountTest"/>
  <testcase name="sum" time="0.001" classname="TryTestNG.test.InvocationCountTest"/>
  <testcase name="sum" time="0.006" classname="TryTestNG.test.InvocationCountTest"/>
  <testcase name="sum" time="0.001" classname="TryTestNG.test.InvocationCountTest"/>
  <testcase name="sum" time="0.011" classname="TryTestNG.test.InvocationCountTest"/>
  <testcase name="sum" time="0.0" classname="TryTestNG.test.InvocationCountTest"/>
  <testcase name="sum" time="0.001" classname="TryTestNG.test.InvocationCountTest"/>
  <testcase name="SearchTest" time="0.003" classname="TryTestNG.test.TestNGBasics"/>
  <testcase name="googleLogTest" time="0.001" classname="TryTestNG.test.TestNGBasics"/>
  <testcase name="googleTitleTest" time="0.001" classname="TryTestNG.test.TestNGBasics"/>
  <testcase name="LoginTest" time="0.001" classname="TryTestNG.test.TestNGFeatures"/>
</testsuite> <!-- Different testng Feature Test -->
