<?xml version="1.0" encoding="UTF-8"?>
<!-- Generated by org.testng.reporters.JUnitXMLReporter -->
<testsuite hostname="LAPTOP-QTUBLDDM" ignored="0" name="Default test" tests="6" failures="0" timestamp="08 Dec 2017 08:31:43 GMT" time="50.432" errors="0">
  <testcase name="GoogleTitleTest" time="0.019" classname="TryTestNG.test.GoogleTest"/>
  <testcase name="googleLogoTest" time="0.225" classname="TryTestNG.test.GoogleTest"/>
  <testcase name="mailLinkTest" time="0.055" classname="TryTestNG.test.GoogleTest"/>
  <testcase name="test1" time="0.001" classname="TryTestNG.test.GoogleTest"/>
  <testcase name="test2" time="0.001" classname="TryTestNG.test.GoogleTest"/>
  <testcase name="test3" time="0.001" classname="TryTestNG.test.GoogleTest"/>
</testsuite> <!-- Default test -->
