<?xml version="1.0" encoding="UTF-8"?>
<!-- Generated by org.testng.reporters.JUnitXMLReporter -->
<testsuite hostname="LAPTOP-QTUBLDDM" ignored="0" name="Default test" tests="4" failures="0" timestamp="06 Dec 2017 10:20:16 GMT" time="35.07" errors="0">
  <testcase name="halfEbayRegPageTest" time="1.674" classname="com.datadriven.test.HalfEbeyTest"/>
  <testcase name="halfEbayRegPageTest" time="1.548" classname="com.datadriven.test.HalfEbeyTest"/>
  <testcase name="halfEbayRegPageTest" time="1.644" classname="com.datadriven.test.HalfEbeyTest"/>
  <testcase name="halfEbayRegPageTest" time="1.68" classname="com.datadriven.test.HalfEbeyTest"/>
</testsuite> <!-- Default test -->
