<?xml version="1.0" encoding="UTF-8"?>
<testng-results skipped="0" failed="0" ignored="0" total="4" passed="4">
  <reporter-output>
  </reporter-output>
  <suite name="Default suite" duration-ms="35070" started-at="2017-12-06T10:19:41Z" finished-at="2017-12-06T10:20:16Z">
    <groups>
    </groups>
    <test name="Default test" duration-ms="35070" started-at="2017-12-06T10:19:41Z" finished-at="2017-12-06T10:20:16Z">
      <class name="com.datadriven.test.HalfEbeyTest">
        <test-method status="PASS" signature="setUp()[pri:0, instance:com.datadriven.test.HalfEbeyTest@3159c4b8]" name="setUp" is-config="true" duration-ms="6613" started-at="2017-12-06T02:19:42Z" finished-at="2017-12-06T02:19:48Z">
          <reporter-output>
          </reporter-output>
        </test-method> <!-- setUp -->
        <test-method status="PASS" signature="halfEbayRegPageTest(java.lang.String, java.lang.String, java.lang.String, java.lang.String, java.lang.String, java.lang.String, java.lang.String, java.lang.String)[pri:0, instance:com.datadriven.test.HalfEbeyTest@3159c4b8]" name="halfEbayRegPageTest" duration-ms="1674" started-at="2017-12-06T02:19:48Z" data-provider="getTestData" finished-at="2017-12-06T02:19:50Z">
          <params>
            <param index="0">
              <value>
                <![CDATA[Tom]]>
              </value>
            </param>
            <param index="1">
              <value>
                <![CDATA[Peter]]>
              </value>
            </param>
            <param index="2">
              <value>
                <![CDATA[12,new street]]>
              </value>
            </param>
            <param index="3">
              <value>
                <![CDATA[downtown]]>
              </value>
            </param>
            <param index="4">
              <value>
                <![CDATA[Sunnyvale]]>
              </value>
            </param>
            <param index="5">
              <value>
                <![CDATA[California]]>
              </value>
            </param>
            <param index="6">
              <value>
                <![CDATA[94085.0]]>
              </value>
            </param>
            <param index="7">
              <value>
                <![CDATA[test1@gmail.com]]>
              </value>
            </param>
          </params>
          <reporter-output>
          </reporter-output>
        </test-method> <!-- halfEbayRegPageTest -->
        <test-method status="PASS" signature="tearDown()[pri:0, instance:com.datadriven.test.HalfEbeyTest@3159c4b8]" name="tearDown" is-config="true" duration-ms="666" started-at="2017-12-06T02:19:50Z" finished-at="2017-12-06T02:19:51Z">
          <reporter-output>
          </reporter-output>
        </test-method> <!-- tearDown -->
        <test-method status="PASS" signature="setUp()[pri:0, instance:com.datadriven.test.HalfEbeyTest@3159c4b8]" name="setUp" is-config="true" duration-ms="6082" started-at="2017-12-06T02:19:51Z" finished-at="2017-12-06T02:19:57Z">
          <reporter-output>
          </reporter-output>
        </test-method> <!-- setUp -->
        <test-method status="PASS" signature="halfEbayRegPageTest(java.lang.String, java.lang.String, java.lang.String, java.lang.String, java.lang.String, java.lang.String, java.lang.String, java.lang.String)[pri:0, instance:com.datadriven.test.HalfEbeyTest@3159c4b8]" name="halfEbayRegPageTest" duration-ms="1548" started-at="2017-12-06T02:19:57Z" data-provider="getTestData" finished-at="2017-12-06T02:19:58Z">
          <params>
            <param index="0">
              <value>
                <![CDATA[Reshma]]>
              </value>
            </param>
            <param index="1">
              <value>
                <![CDATA[K]]>
              </value>
            </param>
            <param index="2">
              <value>
                <![CDATA[13,new street]]>
              </value>
            </param>
            <param index="3">
              <value>
                <![CDATA[downtown]]>
              </value>
            </param>
            <param index="4">
              <value>
                <![CDATA[Sunnyvale]]>
              </value>
            </param>
            <param index="5">
              <value>
                <![CDATA[California]]>
              </value>
            </param>
            <param index="6">
              <value>
                <![CDATA[94086.0]]>
              </value>
            </param>
            <param index="7">
              <value>
                <![CDATA[test2@gmail.com]]>
              </value>
            </param>
          </params>
          <reporter-output>
          </reporter-output>
        </test-method> <!-- halfEbayRegPageTest -->
        <test-method status="PASS" signature="tearDown()[pri:0, instance:com.datadriven.test.HalfEbeyTest@3159c4b8]" name="tearDown" is-config="true" duration-ms="661" started-at="2017-12-06T02:19:58Z" finished-at="2017-12-06T02:19:59Z">
          <reporter-output>
          </reporter-output>
        </test-method> <!-- tearDown -->
        <test-method status="PASS" signature="setUp()[pri:0, instance:com.datadriven.test.HalfEbeyTest@3159c4b8]" name="setUp" is-config="true" duration-ms="6080" started-at="2017-12-06T02:19:59Z" finished-at="2017-12-06T02:20:05Z">
          <reporter-output>
          </reporter-output>
        </test-method> <!-- setUp -->
        <test-method status="PASS" signature="halfEbayRegPageTest(java.lang.String, java.lang.String, java.lang.String, java.lang.String, java.lang.String, java.lang.String, java.lang.String, java.lang.String)[pri:0, instance:com.datadriven.test.HalfEbeyTest@3159c4b8]" name="halfEbayRegPageTest" duration-ms="1644" started-at="2017-12-06T02:20:05Z" data-provider="getTestData" finished-at="2017-12-06T02:20:07Z">
          <params>
            <param index="0">
              <value>
                <![CDATA[Anirudh]]>
              </value>
            </param>
            <param index="1">
              <value>
                <![CDATA[D]]>
              </value>
            </param>
            <param index="2">
              <value>
                <![CDATA[14,new street]]>
              </value>
            </param>
            <param index="3">
              <value>
                <![CDATA[downtown]]>
              </value>
            </param>
            <param index="4">
              <value>
                <![CDATA[Sunnyvale]]>
              </value>
            </param>
            <param index="5">
              <value>
                <![CDATA[California]]>
              </value>
            </param>
            <param index="6">
              <value>
                <![CDATA[94087.0]]>
              </value>
            </param>
            <param index="7">
              <value>
                <![CDATA[test3@gmail.com]]>
              </value>
            </param>
          </params>
          <reporter-output>
          </reporter-output>
        </test-method> <!-- halfEbayRegPageTest -->
        <test-method status="PASS" signature="tearDown()[pri:0, instance:com.datadriven.test.HalfEbeyTest@3159c4b8]" name="tearDown" is-config="true" duration-ms="671" started-at="2017-12-06T02:20:07Z" finished-at="2017-12-06T02:20:07Z">
          <reporter-output>
          </reporter-output>
        </test-method> <!-- tearDown -->
        <test-method status="PASS" signature="setUp()[pri:0, instance:com.datadriven.test.HalfEbeyTest@3159c4b8]" name="setUp" is-config="true" duration-ms="6532" started-at="2017-12-06T02:20:07Z" finished-at="2017-12-06T02:20:14Z">
          <reporter-output>
          </reporter-output>
        </test-method> <!-- setUp -->
        <test-method status="PASS" signature="halfEbayRegPageTest(java.lang.String, java.lang.String, java.lang.String, java.lang.String, java.lang.String, java.lang.String, java.lang.String, java.lang.String)[pri:0, instance:com.datadriven.test.HalfEbeyTest@3159c4b8]" name="halfEbayRegPageTest" duration-ms="1680" started-at="2017-12-06T02:20:14Z" data-provider="getTestData" finished-at="2017-12-06T02:20:16Z">
          <params>
            <param index="0">
              <value>
                <![CDATA[Amreen]]>
              </value>
            </param>
            <param index="1">
              <value>
                <![CDATA[T]]>
              </value>
            </param>
            <param index="2">
              <value>
                <![CDATA[15,new street]]>
              </value>
            </param>
            <param index="3">
              <value>
                <![CDATA[downtown]]>
              </value>
            </param>
            <param index="4">
              <value>
                <![CDATA[Sunnyvale]]>
              </value>
            </param>
            <param index="5">
              <value>
                <![CDATA[California]]>
              </value>
            </param>
            <param index="6">
              <value>
                <![CDATA[94088.0]]>
              </value>
            </param>
            <param index="7">
              <value>
                <![CDATA[test4@gmail.com]]>
              </value>
            </param>
          </params>
          <reporter-output>
          </reporter-output>
        </test-method> <!-- halfEbayRegPageTest -->
        <test-method status="PASS" signature="tearDown()[pri:0, instance:com.datadriven.test.HalfEbeyTest@3159c4b8]" name="tearDown" is-config="true" duration-ms="655" started-at="2017-12-06T02:20:16Z" finished-at="2017-12-06T02:20:16Z">
          <reporter-output>
          </reporter-output>
        </test-method> <!-- tearDown -->
      </class> <!-- com.datadriven.test.HalfEbeyTest -->
    </test> <!-- Default test -->
  </suite> <!-- Default suite -->
</testng-results>
